<?xml version="1.0" encoding="UTF-8"?>
<robot generator="Robot 6.1.1 (Python 3.11.4 on win32)" generated="20250128 18:21:38.776" rpa="false" schemaversion="4">
<suite id="s1" name="Process" source="c:\Users\Erika Santana\Desktop\robot-basico-avancado-teste-orange\estudos-curso-avancado\libraries-auxiliares\Process\process.robot">
<test id="s1-t1" name="Exemplo 01: Abrindo programas" line="8">
<kw name="Abra e feche o Notepad">
<kw name="Start Process" library="Process">
<var>${MEU_PROCESSO}</var>
<arg>C:\\WINDOWS\\system32\\notepad.exe</arg>
<doc>Starts a new process on background.</doc>
<msg timestamp="20250128 18:21:38.835" level="INFO">Starting process:
C:\WINDOWS\system32\notepad.exe</msg>
<msg timestamp="20250128 18:21:38.858" level="INFO">${MEU_PROCESSO} = &lt;Popen: returncode: None args: ['C:\\WINDOWS\\system32\\notepad.exe']&gt;</msg>
<status status="PASS" starttime="20250128 18:21:38.835" endtime="20250128 18:21:38.859"/>
</kw>
<kw name="Sleep" library="BuiltIn">
<arg>3s</arg>
<doc>Pauses the test executed for the given time.</doc>
<msg timestamp="20250128 18:21:41.861" level="INFO">Slept 3 seconds</msg>
<status status="PASS" starttime="20250128 18:21:38.859" endtime="20250128 18:21:41.861"/>
</kw>
<kw name="Terminate Process" library="Process">
<arg>${MEU_PROCESSO}</arg>
<arg>kill=True</arg>
<doc>Stops the process gracefully or forcefully.</doc>
<msg timestamp="20250128 18:21:41.863" level="INFO">Forcefully killing process.</msg>
<msg timestamp="20250128 18:21:41.966" level="INFO">Process completed.</msg>
<status status="PASS" starttime="20250128 18:21:41.861" endtime="20250128 18:21:41.968"/>
</kw>
<status status="PASS" starttime="20250128 18:21:38.834" endtime="20250128 18:21:41.968"/>
</kw>
<status status="PASS" starttime="20250128 18:21:38.834" endtime="20250128 18:21:41.969"/>
</test>
<doc>http://robotframework.org/robotframework/latest/libraries/Process.html</doc>
<status status="PASS" starttime="20250128 18:21:38.789" endtime="20250128 18:21:41.973"/>
</suite>
<statistics>
<total>
<stat pass="1" fail="0" skip="0">All Tests</stat>
</total>
<tag>
</tag>
<suite>
<stat pass="1" fail="0" skip="0" id="s1" name="Process">Process</stat>
</suite>
</statistics>
<errors>
</errors>
</robot>
