<?xml version="1.0" encoding="UTF-8"?>
<robot generator="Robot 6.1.1 (Python 3.11.4 on win32)" generated="20250129 13:56:50.724" rpa="false" schemaversion="4">
<suite id="s1" name="myLibrary" source="c:\Users\Erika Santana\Desktop\robot-basico-avancado-teste-orange\estudos-curso-avancado\libraries-customizadas\MyCustomLibraries_hash\myLibrary.robot">
<test id="s1-t1" name="Teste de conversão de string para HASH sha256" line="5">
<kw name="Converter &quot;Estou ficando ninja em Robot Framework!!&quot; para sha256" sourcename="Converter &quot;${CONTEUDO}&quot; para sha256">
<kw name="Gerar Hash" library="geradorHash">
<var>${CONTEUDO_HASH}</var>
<arg>${CONTEUDO}</arg>
<msg timestamp="20250129 13:56:50.768" level="INFO">Conteúdo: Estou ficando ninja em Robot Framework!!
Hash gerado: 6526496e1589bb11988c5fd1051d8927a1160b1c3da51ca93ff6e2eab6ecfa38</msg>
<msg timestamp="20250129 13:56:50.772" level="INFO">${CONTEUDO_HASH} = 6526496e1589bb11988c5fd1051d8927a1160b1c3da51ca93ff6e2eab6ecfa38</msg>
<status status="PASS" starttime="20250129 13:56:50.768" endtime="20250129 13:56:50.772"/>
</kw>
<kw name="Log" library="BuiltIn">
<arg>${CONTEUDO_HASH}</arg>
<doc>Logs the given message with the given level.</doc>
<msg timestamp="20250129 13:56:50.773" level="INFO">6526496e1589bb11988c5fd1051d8927a1160b1c3da51ca93ff6e2eab6ecfa38</msg>
<status status="PASS" starttime="20250129 13:56:50.772" endtime="20250129 13:56:50.773"/>
</kw>
<status status="PASS" starttime="20250129 13:56:50.767" endtime="20250129 13:56:50.773"/>
</kw>
<status status="PASS" starttime="20250129 13:56:50.766" endtime="20250129 13:56:50.774"/>
</test>
<status status="PASS" starttime="20250129 13:56:50.732" endtime="20250129 13:56:50.775"/>
</suite>
<statistics>
<total>
<stat pass="1" fail="0" skip="0">All Tests</stat>
</total>
<tag>
</tag>
<suite>
<stat pass="1" fail="0" skip="0" id="s1" name="myLibrary">myLibrary</stat>
</suite>
</statistics>
<errors>
</errors>
</robot>
