<?xml version="1.0" encoding="UTF-8"?>
<robot generator="Robot 6.1.1 (Python 3.11.4 on win32)" generated="20241104 10:25:11.288" rpa="false" schemaversion="4">
<suite id="s1" name="Orangehrm Teste" source="C:\Users\Erika Santana\Desktop\teste-robot-projeto\teste_orangehrm\orangehrm_teste.robot">
<test id="s1-t1" name="Casos de testes 03 - Realizar o cadastro de usuário do sistema - OrangeHRM" line="32">
<kw name="Abrir o navegador" library="orangehrm.resources" type="SETUP">
<kw name="Open Browser" library="SeleniumLibrary">
<arg>browser=chrome</arg>
<doc>Opens a new browser instance to the optional ``url``.</doc>
<msg timestamp="20241104 10:25:11.511" level="INFO">Opening browser 'chrome' to base url 'None'.</msg>
<status status="PASS" starttime="20241104 10:25:11.510" endtime="20241104 10:25:13.190"/>
</kw>
<kw name="Maximize Browser Window" library="SeleniumLibrary">
<doc>Maximizes current browser window.</doc>
<status status="PASS" starttime="20241104 10:25:13.190" endtime="20241104 10:25:13.231"/>
</kw>
<status status="PASS" starttime="20241104 10:25:11.510" endtime="20241104 10:25:13.231"/>
</kw>
<kw name="Cadastrar novo usuário no sistema OrangeHRM" library="orangehrm.resources">
<kw name="Acessar/logar a tela principal orangehrm" library="orangehrm.resources">
<kw name="Go To" library="SeleniumLibrary">
<arg>url=${URL}</arg>
<doc>Navigates the current browser window to the provided ``url``.</doc>
<msg timestamp="20241104 10:25:13.234" level="INFO">Opening url 'https://opensource-demo.orangehrmlive.com/web/index.php/auth/login'</msg>
<status status="PASS" starttime="20241104 10:25:13.233" endtime="20241104 10:25:15.261"/>
</kw>
<kw name="Location Should Contain" library="SeleniumLibrary">
<arg>opensource-demo.orangehrmlive.com</arg>
<doc>Verifies that the current URL contains ``expected``.</doc>
<msg timestamp="20241104 10:25:15.267" level="INFO">Current location contains 'opensource-demo.orangehrmlive.com'.</msg>
<status status="PASS" starttime="20241104 10:25:15.261" endtime="20241104 10:25:15.267"/>
</kw>
<kw name="Wait Until Element Is Visible" library="SeleniumLibrary">
<arg>locator=//div[@class='orangehrm-login-branding']</arg>
<doc>Waits until the element ``locator`` is visible.</doc>
<status status="PASS" starttime="20241104 10:25:15.267" endtime="20241104 10:25:15.716"/>
</kw>
<kw name="Click Element" library="SeleniumLibrary">
<arg>locator=//input[contains(@name,'username')]</arg>
<doc>Click the element identified by ``locator``.</doc>
<msg timestamp="20241104 10:25:15.716" level="INFO">Clicking element '//input[contains(@name,'username')]'.</msg>
<status status="PASS" starttime="20241104 10:25:15.716" endtime="20241104 10:25:15.776"/>
</kw>
<kw name="Input Text" library="SeleniumLibrary">
<arg>locator=//input[contains(@name,'username')]</arg>
<arg>text=${USUARIO}</arg>
<doc>Types the given ``text`` into the text field identified by ``locator``.</doc>
<msg timestamp="20241104 10:25:15.777" level="INFO">Typing text 'Admin' into text field '//input[contains(@name,'username')]'.</msg>
<status status="PASS" starttime="20241104 10:25:15.776" endtime="20241104 10:25:15.857"/>
</kw>
<kw name="Click Element" library="SeleniumLibrary">
<arg>locator=//input[contains(@type,'password')]</arg>
<doc>Click the element identified by ``locator``.</doc>
<msg timestamp="20241104 10:25:15.857" level="INFO">Clicking element '//input[contains(@type,'password')]'.</msg>
<status status="PASS" starttime="20241104 10:25:15.857" endtime="20241104 10:25:15.908"/>
</kw>
<kw name="Input Text" library="SeleniumLibrary">
<arg>locator=//input[contains(@type,'password')]</arg>
<arg>text=${SENHA}</arg>
<doc>Types the given ``text`` into the text field identified by ``locator``.</doc>
<msg timestamp="20241104 10:25:15.908" level="INFO">Typing text 'admin123' into text field '//input[contains(@type,'password')]'.</msg>
<status status="PASS" starttime="20241104 10:25:15.908" endtime="20241104 10:25:15.978"/>
</kw>
<kw name="Click Button" library="SeleniumLibrary">
<arg>locator=//button[@type='submit'][contains(.,'Login')]</arg>
<doc>Clicks the button identified by ``locator``.</doc>
<msg timestamp="20241104 10:25:15.979" level="INFO">Clicking button '//button[@type='submit'][contains(.,'Login')]'.</msg>
<status status="PASS" starttime="20241104 10:25:15.978" endtime="20241104 10:25:16.036"/>
</kw>
<kw name="Wait Until Element Is Visible" library="SeleniumLibrary">
<arg>locator=//h6[contains(.,'Dashboard')]</arg>
<doc>Waits until the element ``locator`` is visible.</doc>
<status status="PASS" starttime="20241104 10:25:16.036" endtime="20241104 10:25:17.201"/>
</kw>
<kw name="Log" library="BuiltIn">
<arg>Nome: ${PESSOA.nome} e email: ${PESSOA.email}</arg>
<doc>Logs the given message with the given level.</doc>
<msg timestamp="20241104 10:25:17.202" level="INFO">Nome: Érika Santana e email: erika@exemplo.com.br</msg>
<status status="PASS" starttime="20241104 10:25:17.201" endtime="20241104 10:25:17.202"/>
</kw>
<kw name="Log" library="BuiltIn">
<arg>${SIMPLES}</arg>
<doc>Logs the given message with the given level.</doc>
<msg timestamp="20241104 10:25:17.202" level="INFO">Vamos ver os tipos de variáveis no robot!</msg>
<status status="PASS" starttime="20241104 10:25:17.202" endtime="20241104 10:25:17.202"/>
</kw>
<kw name="Log" library="BuiltIn">
<arg>Essa tem que ser maça: ${FRUTAS[2]} e essa tem que ser morango: ${FRUTAS[0]}</arg>
<doc>Logs the given message with the given level.</doc>
<msg timestamp="20241104 10:25:17.203" level="INFO">Essa tem que ser maça: maça e essa tem que ser morango: morango</msg>
<status status="PASS" starttime="20241104 10:25:17.203" endtime="20241104 10:25:17.203"/>
</kw>
<kw name="Uma subkeyword com argumentos" library="orangehrm.resources">
<arg>${PESSOA.nome}</arg>
<arg>${PESSOA.email}</arg>
<kw name="Log" library="BuiltIn">
<arg>Nome Usuário: ${NOME_USUARIO}</arg>
<doc>Logs the given message with the given level.</doc>
<msg timestamp="20241104 10:25:17.204" level="INFO">Nome Usuário: Érika Santana</msg>
<status status="PASS" starttime="20241104 10:25:17.204" endtime="20241104 10:25:17.204"/>
</kw>
<kw name="Log" library="BuiltIn">
<arg>Email: ${EMAIL_USUARIO}</arg>
<doc>Logs the given message with the given level.</doc>
<msg timestamp="20241104 10:25:17.204" level="INFO">Email: erika@exemplo.com.br</msg>
<status status="PASS" starttime="20241104 10:25:17.204" endtime="20241104 10:25:17.204"/>
</kw>
<status status="PASS" starttime="20241104 10:25:17.203" endtime="20241104 10:25:17.204"/>
</kw>
<kw name="Uma subkeyword com retorno" library="orangehrm.resources">
<var>${MENSAGEM_ALERTA}</var>
<arg>${PESSOA.nome}</arg>
<arg>${PESSOA.idade}</arg>
<kw name="Set Variable If" library="BuiltIn">
<var>${MENSAGEM}</var>
<arg>${IDADE_USUARIO}&lt;18</arg>
<arg>Não autorizado! O usuário ${NOME_USUARIO} é menor de idade!</arg>
<arg>OK!Usuário é maior de idade!</arg>
<doc>Sets variable based on the given condition.</doc>
<msg timestamp="20241104 10:25:17.205" level="INFO">${MENSAGEM} = OK!Usuário é maior de idade!</msg>
<status status="PASS" starttime="20241104 10:25:17.205" endtime="20241104 10:25:17.205"/>
</kw>
<msg timestamp="20241104 10:25:17.205" level="INFO">${MENSAGEM_ALERTA} = OK!Usuário é maior de idade!</msg>
<status status="PASS" starttime="20241104 10:25:17.204" endtime="20241104 10:25:17.205"/>
</kw>
<kw name="Log" library="BuiltIn">
<arg>${MENSAGEM_ALERTA}</arg>
<doc>Logs the given message with the given level.</doc>
<msg timestamp="20241104 10:25:17.206" level="INFO">OK!Usuário é maior de idade!</msg>
<status status="PASS" starttime="20241104 10:25:17.206" endtime="20241104 10:25:17.206"/>
</kw>
<status status="PASS" starttime="20241104 10:25:13.233" endtime="20241104 10:25:17.206"/>
</kw>
<kw name="Wait Until Element Is Visible" library="SeleniumLibrary">
<arg>locator=//a[contains(.,'Admin')]</arg>
<doc>Waits until the element ``locator`` is visible.</doc>
<status status="PASS" starttime="20241104 10:25:17.206" endtime="20241104 10:25:17.230"/>
</kw>
<kw name="Click Element" library="SeleniumLibrary">
<arg>locator=//a[contains(.,'Admin')]</arg>
<doc>Click the element identified by ``locator``.</doc>
<msg timestamp="20241104 10:25:17.230" level="INFO">Clicking element '//a[contains(.,'Admin')]'.</msg>
<status status="PASS" starttime="20241104 10:25:17.230" endtime="20241104 10:25:18.044"/>
</kw>
<kw name="Wait Until Element Is Visible" library="SeleniumLibrary">
<arg>locator=//div[contains(@class,'oxd-topbar-header-title')]</arg>
<doc>Waits until the element ``locator`` is visible.</doc>
<status status="PASS" starttime="20241104 10:25:18.044" endtime="20241104 10:25:18.348"/>
</kw>
<kw name="Wait Until Element Is Visible" library="SeleniumLibrary">
<arg>locator=(//input[contains(@class,'oxd-input oxd-input--active')])[2]</arg>
<doc>Waits until the element ``locator`` is visible.</doc>
<status status="PASS" starttime="20241104 10:25:18.348" endtime="20241104 10:25:18.388"/>
</kw>
<kw name="Input Text" library="SeleniumLibrary">
<arg>locator=(//input[contains(@class,'oxd-input oxd-input--active')])[2]</arg>
<arg>text=@{DADO_USUARIO}</arg>
<doc>Types the given ``text`` into the text field identified by ``locator``.</doc>
<msg timestamp="20241104 10:25:18.389" level="INFO">Typing text '['Testando']' into text field '(//input[contains(@class,'oxd-input oxd-input--active')])[2]'.</msg>
<status status="PASS" starttime="20241104 10:25:18.388" endtime="20241104 10:25:18.477"/>
</kw>
<kw name="Wait Until Element Is Visible" library="SeleniumLibrary">
<arg>locator=//div[@class='oxd-input-group__label-wrapper'][contains(.,'User Role')]</arg>
<doc>Waits until the element ``locator`` is visible.</doc>
<status status="PASS" starttime="20241104 10:25:18.478" endtime="20241104 10:25:18.500"/>
</kw>
<kw name="Click Element" library="SeleniumLibrary">
<arg>locator=(//div[contains(@class,'oxd-select-text--after')])[1]</arg>
<doc>Click the element identified by ``locator``.</doc>
<msg timestamp="20241104 10:25:18.501" level="INFO">Clicking element '(//div[contains(@class,'oxd-select-text--after')])[1]'.</msg>
<status status="PASS" starttime="20241104 10:25:18.500" endtime="20241104 10:25:18.590"/>
</kw>
<kw name="Click Element" library="SeleniumLibrary">
<arg>locator=//div[@class='oxd-select-text-input'][contains(.,'Admin')]</arg>
<doc>Click the element identified by ``locator``.</doc>
<msg timestamp="20241104 10:25:18.591" level="INFO">Clicking element '//div[@class='oxd-select-text-input'][contains(.,'Admin')]'.</msg>
<msg timestamp="20241104 10:25:18.753" level="INFO" html="true">&lt;/td&gt;&lt;/tr&gt;&lt;tr&gt;&lt;td colspan="3"&gt;&lt;a href="selenium-screenshot-44.png"&gt;&lt;img src="selenium-screenshot-44.png" width="800px"&gt;&lt;/a&gt;</msg>
<msg timestamp="20241104 10:25:18.753" level="FAIL">Element with locator '//div[@class='oxd-select-text-input'][contains(.,'Admin')]' not found.</msg>
<status status="FAIL" starttime="20241104 10:25:18.590" endtime="20241104 10:25:18.792"/>
</kw>
<status status="FAIL" starttime="20241104 10:25:13.232" endtime="20241104 10:25:18.792"/>
</kw>
<kw name="Fechar o navegador" library="orangehrm.resources" type="TEARDOWN">
<kw name="Capture Page Screenshot" library="SeleniumLibrary">
<doc>Takes a screenshot of the current page and embeds it into a log file.</doc>
<msg timestamp="20241104 10:25:18.942" level="INFO" html="true">&lt;/td&gt;&lt;/tr&gt;&lt;tr&gt;&lt;td colspan="3"&gt;&lt;a href="selenium-screenshot-45.png"&gt;&lt;img src="selenium-screenshot-45.png" width="800px"&gt;&lt;/a&gt;</msg>
<status status="PASS" starttime="20241104 10:25:18.795" endtime="20241104 10:25:18.942"/>
</kw>
<kw name="Close Browser" library="SeleniumLibrary">
<doc>Closes the current browser.</doc>
<status status="PASS" starttime="20241104 10:25:18.943" endtime="20241104 10:25:21.206"/>
</kw>
<status status="PASS" starttime="20241104 10:25:18.795" endtime="20241104 10:25:21.206"/>
</kw>
<doc>Teste para cadastar usuário no sistema.</doc>
<tag>acesso_logar_orangehrm</tag>
<status status="FAIL" starttime="20241104 10:25:11.509" endtime="20241104 10:25:21.208">Element with locator '//div[@class='oxd-select-text-input'][contains(.,'Admin')]' not found.</status>
</test>
<doc>Essa suite testa o site da https://opensource-demo.orangehrmlive.com/</doc>
<status status="FAIL" starttime="20241104 10:25:11.289" endtime="20241104 10:25:21.213"/>
</suite>
<statistics>
<total>
<stat pass="0" fail="1" skip="0">All Tests</stat>
</total>
<tag>
<stat pass="0" fail="1" skip="0">acesso_logar_orangehrm</stat>
</tag>
<suite>
<stat pass="0" fail="1" skip="0" id="s1" name="Orangehrm Teste">Orangehrm Teste</stat>
</suite>
</statistics>
<errors>
</errors>
</robot>
