<?xml version="1.0" encoding="UTF-8"?>
<robot generator="Robot 6.1.1 (Python 3.11.4 on win32)" generated="20250106 22:24:02.935" rpa="false" schemaversion="4">
<suite id="s1" name="UsandoLoops" source="C:\Users\Erika Santana\Desktop\robot-basico-teste-orange\estudos-curso-basico\estruturas-robot\UsandoLoops.robot">
<test id="s1-t1" name="Teste de FOR do tipo IN RANGE" line="15">
<kw name="Usando FOR IN RANGE">
<kw name="Log To Console" library="BuiltIn">
<arg>${\n}</arg>
<doc>Logs the given message to the console.</doc>
<status status="PASS" starttime="20250106 22:24:02.973" endtime="20250106 22:24:02.973"/>
</kw>
<for flavor="IN RANGE">
<var>${CONTADOR}</var>
<value>0</value>
<value>5</value>
<iter>
<var name="${CONTADOR}">0</var>
<kw name="Log To Console" library="BuiltIn">
<arg>Minha posição agora é: ${CONTADOR}</arg>
<doc>Logs the given message to the console.</doc>
<status status="PASS" starttime="20250106 22:24:02.974" endtime="20250106 22:24:02.974"/>
</kw>
<kw name="Log" library="BuiltIn">
<arg>Minha posição agora é: ${CONTADOR}</arg>
<doc>Logs the given message with the given level.</doc>
<msg timestamp="20250106 22:24:02.975" level="INFO">Minha posição agora é: 0</msg>
<status status="PASS" starttime="20250106 22:24:02.975" endtime="20250106 22:24:02.975"/>
</kw>
<status status="PASS" starttime="20250106 22:24:02.974" endtime="20250106 22:24:02.975"/>
</iter>
<iter>
<var name="${CONTADOR}">1</var>
<kw name="Log To Console" library="BuiltIn">
<arg>Minha posição agora é: ${CONTADOR}</arg>
<doc>Logs the given message to the console.</doc>
<status status="PASS" starttime="20250106 22:24:02.975" endtime="20250106 22:24:02.975"/>
</kw>
<kw name="Log" library="BuiltIn">
<arg>Minha posição agora é: ${CONTADOR}</arg>
<doc>Logs the given message with the given level.</doc>
<msg timestamp="20250106 22:24:02.975" level="INFO">Minha posição agora é: 1</msg>
<status status="PASS" starttime="20250106 22:24:02.975" endtime="20250106 22:24:02.975"/>
</kw>
<status status="PASS" starttime="20250106 22:24:02.975" endtime="20250106 22:24:02.976"/>
</iter>
<iter>
<var name="${CONTADOR}">2</var>
<kw name="Log To Console" library="BuiltIn">
<arg>Minha posição agora é: ${CONTADOR}</arg>
<doc>Logs the given message to the console.</doc>
<status status="PASS" starttime="20250106 22:24:02.976" endtime="20250106 22:24:02.976"/>
</kw>
<kw name="Log" library="BuiltIn">
<arg>Minha posição agora é: ${CONTADOR}</arg>
<doc>Logs the given message with the given level.</doc>
<msg timestamp="20250106 22:24:02.977" level="INFO">Minha posição agora é: 2</msg>
<status status="PASS" starttime="20250106 22:24:02.976" endtime="20250106 22:24:02.977"/>
</kw>
<status status="PASS" starttime="20250106 22:24:02.976" endtime="20250106 22:24:02.977"/>
</iter>
<iter>
<var name="${CONTADOR}">3</var>
<kw name="Log To Console" library="BuiltIn">
<arg>Minha posição agora é: ${CONTADOR}</arg>
<doc>Logs the given message to the console.</doc>
<status status="PASS" starttime="20250106 22:24:02.977" endtime="20250106 22:24:02.978"/>
</kw>
<kw name="Log" library="BuiltIn">
<arg>Minha posição agora é: ${CONTADOR}</arg>
<doc>Logs the given message with the given level.</doc>
<msg timestamp="20250106 22:24:02.978" level="INFO">Minha posição agora é: 3</msg>
<status status="PASS" starttime="20250106 22:24:02.978" endtime="20250106 22:24:02.978"/>
</kw>
<status status="PASS" starttime="20250106 22:24:02.977" endtime="20250106 22:24:02.978"/>
</iter>
<iter>
<var name="${CONTADOR}">4</var>
<kw name="Log To Console" library="BuiltIn">
<arg>Minha posição agora é: ${CONTADOR}</arg>
<doc>Logs the given message to the console.</doc>
<status status="PASS" starttime="20250106 22:24:02.978" endtime="20250106 22:24:02.979"/>
</kw>
<kw name="Log" library="BuiltIn">
<arg>Minha posição agora é: ${CONTADOR}</arg>
<doc>Logs the given message with the given level.</doc>
<msg timestamp="20250106 22:24:02.979" level="INFO">Minha posição agora é: 4</msg>
<status status="PASS" starttime="20250106 22:24:02.979" endtime="20250106 22:24:02.979"/>
</kw>
<status status="PASS" starttime="20250106 22:24:02.978" endtime="20250106 22:24:02.979"/>
</iter>
<status status="PASS" starttime="20250106 22:24:02.974" endtime="20250106 22:24:02.979"/>
</for>
<status status="PASS" starttime="20250106 22:24:02.973" endtime="20250106 22:24:02.979"/>
</kw>
<doc>Faz um loop dentro de um intervalo que você passar</doc>
<status status="PASS" starttime="20250106 22:24:02.972" endtime="20250106 22:24:02.980"/>
</test>
<doc>Vamos aprender a fazer LOOPS usando o Robot Framework!!</doc>
<status status="PASS" starttime="20250106 22:24:02.938" endtime="20250106 22:24:02.983"/>
</suite>
<statistics>
<total>
<stat pass="1" fail="0" skip="0">All Tests</stat>
</total>
<tag>
</tag>
<suite>
<stat pass="1" fail="0" skip="0" id="s1" name="UsandoLoops">UsandoLoops</stat>
</suite>
</statistics>
<errors>
</errors>
</robot>
